  Animation.cpp
D:\Projects\Git\OldOldGame\Animation.h(3,10): fatal error C1083: Cannot open include file: 'SDL.h': No such file or directory
  Block.cpp
D:\Projects\Git\OldOldGame\GameObject.h(4,10): fatal error C1083: Cannot open include file: 'SDL.h': No such file or directory
  Bullet.cpp
D:\Projects\Git\OldOldGame\GameObject.h(4,10): fatal error C1083: Cannot open include file: 'SDL.h': No such file or directory
  Character.cpp
D:\Projects\Git\OldOldGame\GameObject.h(4,10): fatal error C1083: Cannot open include file: 'SDL.h': No such file or directory
  Collision.cpp
D:\Projects\Git\OldOldGame\Collision.h(3,10): fatal error C1083: Cannot open include file: 'SDL.h': No such file or directory
  Game.cpp
D:\Projects\Git\OldOldGame\GameObject.h(4,10): fatal error C1083: Cannot open include file: 'SDL.h': No such file or directory
  GameObject.cpp
D:\Projects\Git\OldOldGame\GameObject.h(4,10): fatal error C1083: Cannot open include file: 'SDL.h': No such file or directory
  Level.cpp
D:\Projects\Git\OldOldGame\GameObject.h(4,10): fatal error C1083: Cannot open include file: 'SDL.h': No such file or directory
  main.cpp
D:\Projects\Git\OldOldGame\GameObject.h(4,10): fatal error C1083: Cannot open include file: 'SDL.h': No such file or directory
  Enemy.cpp
D:\Projects\Git\OldOldGame\GameObject.h(4,10): fatal error C1083: Cannot open include file: 'SDL.h': No such file or directory
  Player.cpp
D:\Projects\Git\OldOldGame\GameObject.h(4,10): fatal error C1083: Cannot open include file: 'SDL.h': No such file or directory
  TextureManager.cpp
D:\Projects\Git\OldOldGame\TextureManager.h(3,10): fatal error C1083: Cannot open include file: 'SDL.h': No such file or directory
  Vector2D.cpp
  Generating Code...
D:\Projects\Git\OldOldGame\Vector2D.cpp(9): warning C4172: returning address of local variable or temporary: res
D:\Projects\Git\OldOldGame\Vector2D.cpp(18): warning C4172: returning address of local variable or temporary: res
